2025-09-16 01:44:15,082:WARNING:
'cuml' is a soft dependency and not included in the pycaret installation. Please run: `pip install cuml` to install.
2025-09-16 01:44:15,083:WARNING:
'cuml' is a soft dependency and not included in the pycaret installation. Please run: `pip install cuml` to install.
2025-09-16 01:44:15,083:WARNING:
'cuml' is a soft dependency and not included in the pycaret installation. Please run: `pip install cuml` to install.
2025-09-16 01:44:15,083:WARNING:
'cuml' is a soft dependency and not included in the pycaret installation. Please run: `pip install cuml` to install.
2025-09-17 19:28:38,303:WARNING:
'cuml' is a soft dependency and not included in the pycaret installation. Please run: `pip install cuml` to install.
2025-09-17 19:28:38,303:WARNING:
'cuml' is a soft dependency and not included in the pycaret installation. Please run: `pip install cuml` to install.
2025-09-17 19:28:38,303:WARNING:
'cuml' is a soft dependency and not included in the pycaret installation. Please run: `pip install cuml` to install.
2025-09-17 19:28:38,303:WARNING:
'cuml' is a soft dependency and not included in the pycaret installation. Please run: `pip install cuml` to install.
2025-09-17 19:32:27,822:INFO:PyCaret ClassificationExperiment
2025-09-17 19:32:27,822:INFO:Logging name: clf-default-name
2025-09-17 19:32:27,822:INFO:ML Usecase: MLUsecase.CLASSIFICATION
2025-09-17 19:32:27,823:INFO:version 3.3.2
2025-09-17 19:32:27,823:INFO:Initializing setup()
2025-09-17 19:32:27,823:INFO:self.USI: adce
2025-09-17 19:32:27,823:INFO:self._variable_keys: {'memory', 'fix_imbalance', 'target_param', 'y', 'n_jobs_param', 'data', 'fold_generator', 'exp_id', 'log_plots_param', 'gpu_n_jobs_param', 'logging_param', 'is_multiclass', 'y_train', 'X_test', 'html_param', 'fold_shuffle_param', 'fold_groups_param', 'gpu_param', 'pipeline', 'y_test', 'seed', 'X', '_ml_usecase', 'idx', 'X_train', '_available_plots', 'USI', 'exp_name_log'}
2025-09-17 19:32:27,823:INFO:Checking environment
2025-09-17 19:32:27,823:INFO:python_version: 3.11.13
2025-09-17 19:32:27,823:INFO:python_build: ('main', 'Sep  8 2025 22:51:55')
2025-09-17 19:32:27,823:INFO:machine: x86_64
2025-09-17 19:32:27,823:INFO:platform: Linux-6.14.0-29-generic-x86_64-with-glibc2.41
2025-09-17 19:32:27,823:INFO:Memory: svmem(total=11852480512, available=4304084992, percent=63.7, used=7967649792, free=827248640, active=3954032640, inactive=4150796288, buffers=189214720, cached=2868367360, shared=148254720, slab=626548736)
2025-09-17 19:32:27,825:INFO:Physical Core: 8
2025-09-17 19:32:27,825:INFO:Logical Core: 16
2025-09-17 19:32:27,825:INFO:Checking libraries
2025-09-17 19:32:27,825:INFO:System:
2025-09-17 19:32:27,825:INFO:    python: 3.11.13 (main, Sep  8 2025, 22:51:55) [GCC 14.2.0]
2025-09-17 19:32:27,825:INFO:executable: /usr/local/bin/python3.11
2025-09-17 19:32:27,825:INFO:   machine: Linux-6.14.0-29-generic-x86_64-with-glibc2.41
2025-09-17 19:32:27,825:INFO:PyCaret required dependencies:
2025-09-17 19:32:27,829:INFO:                 pip: 24.0
2025-09-17 19:32:27,829:INFO:          setuptools: 65.5.1
2025-09-17 19:32:27,829:INFO:             pycaret: 3.3.2
2025-09-17 19:32:27,829:INFO:             IPython: 9.5.0
2025-09-17 19:32:27,829:INFO:          ipywidgets: 8.1.7
2025-09-17 19:32:27,829:INFO:                tqdm: 4.67.1
2025-09-17 19:32:27,829:INFO:               numpy: 1.26.4
2025-09-17 19:32:27,829:INFO:              pandas: 2.1.4
2025-09-17 19:32:27,829:INFO:              jinja2: 3.1.6
2025-09-17 19:32:27,829:INFO:               scipy: 1.11.4
2025-09-17 19:32:27,829:INFO:              joblib: 1.3.2
2025-09-17 19:32:27,829:INFO:             sklearn: 1.4.2
2025-09-17 19:32:27,829:INFO:                pyod: 2.0.5
2025-09-17 19:32:27,829:INFO:            imblearn: 0.14.0
2025-09-17 19:32:27,829:INFO:   category_encoders: 2.7.0
2025-09-17 19:32:27,829:INFO:            lightgbm: 4.6.0
2025-09-17 19:32:27,829:INFO:               numba: 0.61.2
2025-09-17 19:32:27,829:INFO:            requests: 2.32.5
2025-09-17 19:32:27,829:INFO:          matplotlib: 3.7.5
2025-09-17 19:32:27,829:INFO:          scikitplot: 0.3.7
2025-09-17 19:32:27,829:INFO:         yellowbrick: 1.5
2025-09-17 19:32:27,829:INFO:              plotly: 6.3.0
2025-09-17 19:32:27,829:INFO:    plotly-resampler: Not installed
2025-09-17 19:32:27,829:INFO:             kaleido: 1.1.0
2025-09-17 19:32:27,829:INFO:           schemdraw: 0.15
2025-09-17 19:32:27,830:INFO:         statsmodels: 0.14.5
2025-09-17 19:32:27,830:INFO:              sktime: 0.26.0
2025-09-17 19:32:27,830:INFO:               tbats: 1.1.3
2025-09-17 19:32:27,830:INFO:            pmdarima: 2.0.4
2025-09-17 19:32:27,830:INFO:              psutil: 7.0.0
2025-09-17 19:32:27,830:INFO:          markupsafe: 3.0.2
2025-09-17 19:32:27,830:INFO:             pickle5: Not installed
2025-09-17 19:32:27,830:INFO:         cloudpickle: 3.1.1
2025-09-17 19:32:27,830:INFO:         deprecation: 2.1.0
2025-09-17 19:32:27,830:INFO:              xxhash: 3.5.0
2025-09-17 19:32:27,830:INFO:           wurlitzer: 3.1.1
2025-09-17 19:32:27,830:INFO:PyCaret optional dependencies:
2025-09-17 19:32:27,852:INFO:                shap: Not installed
2025-09-17 19:32:27,852:INFO:           interpret: Not installed
2025-09-17 19:32:27,852:INFO:                umap: Not installed
2025-09-17 19:32:27,852:INFO:     ydata_profiling: Not installed
2025-09-17 19:32:27,852:INFO:  explainerdashboard: Not installed
2025-09-17 19:32:27,852:INFO:             autoviz: Not installed
2025-09-17 19:32:27,852:INFO:           fairlearn: Not installed
2025-09-17 19:32:27,852:INFO:          deepchecks: Not installed
2025-09-17 19:32:27,852:INFO:             xgboost: 3.0.5
2025-09-17 19:32:27,852:INFO:            catboost: 1.2.8
2025-09-17 19:32:27,852:INFO:              kmodes: Not installed
2025-09-17 19:32:27,852:INFO:             mlxtend: Not installed
2025-09-17 19:32:27,852:INFO:       statsforecast: Not installed
2025-09-17 19:32:27,852:INFO:        tune_sklearn: Not installed
2025-09-17 19:32:27,852:INFO:                 ray: Not installed
2025-09-17 19:32:27,852:INFO:            hyperopt: Not installed
2025-09-17 19:32:27,852:INFO:              optuna: Not installed
2025-09-17 19:32:27,852:INFO:               skopt: Not installed
2025-09-17 19:32:27,852:INFO:              mlflow: Not installed
2025-09-17 19:32:27,852:INFO:              gradio: Not installed
2025-09-17 19:32:27,852:INFO:             fastapi: Not installed
2025-09-17 19:32:27,852:INFO:             uvicorn: Not installed
2025-09-17 19:32:27,852:INFO:              m2cgen: Not installed
2025-09-17 19:32:27,852:INFO:           evidently: Not installed
2025-09-17 19:32:27,852:INFO:               fugue: Not installed
2025-09-17 19:32:27,852:INFO:           streamlit: Not installed
2025-09-17 19:32:27,852:INFO:             prophet: Not installed
2025-09-17 19:32:27,853:INFO:None
2025-09-17 19:32:27,853:INFO:Set up data.
2025-09-17 19:32:27,925:INFO:Set up folding strategy.
2025-09-17 19:32:27,925:INFO:Set up train/test split.
2025-09-17 19:32:28,166:INFO:Set up index.
2025-09-17 19:32:28,195:INFO:Assigning column types.
2025-09-17 19:32:28,254:INFO:Engine successfully changes for model 'lr' to 'sklearn'.
2025-09-17 19:32:28,292:INFO:Engine for model 'knn' has not been set explicitly, hence returning None.
2025-09-17 19:32:28,297:INFO:Engine for model 'rbfsvm' has not been set explicitly, hence returning None.
2025-09-17 19:32:28,327:INFO:Soft dependency imported: xgboost: 3.0.5
2025-09-17 19:32:28,329:INFO:Soft dependency imported: catboost: 1.2.8
2025-09-17 19:32:28,368:INFO:Engine for model 'knn' has not been set explicitly, hence returning None.
2025-09-17 19:32:28,368:INFO:Engine for model 'rbfsvm' has not been set explicitly, hence returning None.
2025-09-17 19:32:28,392:INFO:Soft dependency imported: xgboost: 3.0.5
2025-09-17 19:32:28,394:INFO:Soft dependency imported: catboost: 1.2.8
2025-09-17 19:32:28,395:INFO:Engine successfully changes for model 'knn' to 'sklearn'.
2025-09-17 19:32:28,432:INFO:Engine for model 'rbfsvm' has not been set explicitly, hence returning None.
2025-09-17 19:32:28,456:INFO:Soft dependency imported: xgboost: 3.0.5
2025-09-17 19:32:28,459:INFO:Soft dependency imported: catboost: 1.2.8
2025-09-17 19:32:28,500:INFO:Engine for model 'rbfsvm' has not been set explicitly, hence returning None.
2025-09-17 19:32:28,525:INFO:Soft dependency imported: xgboost: 3.0.5
2025-09-17 19:32:28,527:INFO:Soft dependency imported: catboost: 1.2.8
2025-09-17 19:32:28,528:INFO:Engine successfully changes for model 'rbfsvm' to 'sklearn'.
2025-09-17 19:32:28,593:INFO:Soft dependency imported: xgboost: 3.0.5
2025-09-17 19:32:28,596:INFO:Soft dependency imported: catboost: 1.2.8
2025-09-17 19:32:28,658:INFO:Soft dependency imported: xgboost: 3.0.5
2025-09-17 19:32:28,660:INFO:Soft dependency imported: catboost: 1.2.8
2025-09-17 19:32:28,664:INFO:Preparing preprocessing pipeline...
2025-09-17 19:32:28,672:INFO:Set up simple imputation.
2025-09-17 19:32:28,758:INFO:Set up encoding of ordinal features.
2025-09-17 19:32:28,773:INFO:Set up encoding of categorical features.
2025-09-17 19:35:46,263:INFO:PyCaret ClassificationExperiment
2025-09-17 19:35:46,263:INFO:Logging name: clf-default-name
2025-09-17 19:35:46,263:INFO:ML Usecase: MLUsecase.CLASSIFICATION
2025-09-17 19:35:46,263:INFO:version 3.3.2
2025-09-17 19:35:46,263:INFO:Initializing setup()
2025-09-17 19:35:46,263:INFO:self.USI: 8412
2025-09-17 19:35:46,263:INFO:self._variable_keys: {'memory', 'fix_imbalance', 'target_param', 'y', 'n_jobs_param', 'data', 'fold_generator', 'exp_id', 'log_plots_param', 'gpu_n_jobs_param', 'logging_param', 'is_multiclass', 'y_train', 'X_test', 'html_param', 'fold_shuffle_param', 'fold_groups_param', 'gpu_param', 'pipeline', 'y_test', 'seed', 'X', '_ml_usecase', 'idx', 'X_train', '_available_plots', 'USI', 'exp_name_log'}
2025-09-17 19:35:46,263:INFO:Checking environment
2025-09-17 19:35:46,263:INFO:python_version: 3.11.13
2025-09-17 19:35:46,263:INFO:python_build: ('main', 'Sep  8 2025 22:51:55')
2025-09-17 19:35:46,263:INFO:machine: x86_64
2025-09-17 19:35:46,263:INFO:platform: Linux-6.14.0-29-generic-x86_64-with-glibc2.41
2025-09-17 19:35:46,263:INFO:Memory: svmem(total=11852480512, available=4469661696, percent=62.3, used=7657717760, free=1545457664, active=4559638528, inactive=3383566336, buffers=71766016, cached=2577539072, shared=142708736, slab=629145600)
2025-09-17 19:35:46,264:INFO:Physical Core: 8
2025-09-17 19:35:46,264:INFO:Logical Core: 16
2025-09-17 19:35:46,264:INFO:Checking libraries
2025-09-17 19:35:46,264:INFO:System:
2025-09-17 19:35:46,264:INFO:    python: 3.11.13 (main, Sep  8 2025, 22:51:55) [GCC 14.2.0]
2025-09-17 19:35:46,264:INFO:executable: /usr/local/bin/python3.11
2025-09-17 19:35:46,264:INFO:   machine: Linux-6.14.0-29-generic-x86_64-with-glibc2.41
2025-09-17 19:35:46,264:INFO:PyCaret required dependencies:
2025-09-17 19:35:46,264:INFO:                 pip: 24.0
2025-09-17 19:35:46,265:INFO:          setuptools: 65.5.1
2025-09-17 19:35:46,265:INFO:             pycaret: 3.3.2
2025-09-17 19:35:46,265:INFO:             IPython: 9.5.0
2025-09-17 19:35:46,265:INFO:          ipywidgets: 8.1.7
2025-09-17 19:35:46,265:INFO:                tqdm: 4.67.1
2025-09-17 19:35:46,265:INFO:               numpy: 1.26.4
2025-09-17 19:35:46,265:INFO:              pandas: 2.1.4
2025-09-17 19:35:46,265:INFO:              jinja2: 3.1.6
2025-09-17 19:35:46,265:INFO:               scipy: 1.11.4
2025-09-17 19:35:46,265:INFO:              joblib: 1.3.2
2025-09-17 19:35:46,265:INFO:             sklearn: 1.4.2
2025-09-17 19:35:46,265:INFO:                pyod: 2.0.5
2025-09-17 19:35:46,265:INFO:            imblearn: 0.14.0
2025-09-17 19:35:46,265:INFO:   category_encoders: 2.7.0
2025-09-17 19:35:46,265:INFO:            lightgbm: 4.6.0
2025-09-17 19:35:46,265:INFO:               numba: 0.61.2
2025-09-17 19:35:46,265:INFO:            requests: 2.32.5
2025-09-17 19:35:46,265:INFO:          matplotlib: 3.7.5
2025-09-17 19:35:46,265:INFO:          scikitplot: 0.3.7
2025-09-17 19:35:46,265:INFO:         yellowbrick: 1.5
2025-09-17 19:35:46,265:INFO:              plotly: 6.3.0
2025-09-17 19:35:46,265:INFO:    plotly-resampler: Not installed
2025-09-17 19:35:46,265:INFO:             kaleido: 1.1.0
2025-09-17 19:35:46,265:INFO:           schemdraw: 0.15
2025-09-17 19:35:46,265:INFO:         statsmodels: 0.14.5
2025-09-17 19:35:46,265:INFO:              sktime: 0.26.0
2025-09-17 19:35:46,265:INFO:               tbats: 1.1.3
2025-09-17 19:35:46,265:INFO:            pmdarima: 2.0.4
2025-09-17 19:35:46,265:INFO:              psutil: 7.0.0
2025-09-17 19:35:46,265:INFO:          markupsafe: 3.0.2
2025-09-17 19:35:46,265:INFO:             pickle5: Not installed
2025-09-17 19:35:46,265:INFO:         cloudpickle: 3.1.1
2025-09-17 19:35:46,265:INFO:         deprecation: 2.1.0
2025-09-17 19:35:46,265:INFO:              xxhash: 3.5.0
2025-09-17 19:35:46,265:INFO:           wurlitzer: 3.1.1
2025-09-17 19:35:46,265:INFO:PyCaret optional dependencies:
2025-09-17 19:35:46,265:INFO:                shap: Not installed
2025-09-17 19:35:46,265:INFO:           interpret: Not installed
2025-09-17 19:35:46,265:INFO:                umap: Not installed
2025-09-17 19:35:46,265:INFO:     ydata_profiling: Not installed
2025-09-17 19:35:46,265:INFO:  explainerdashboard: Not installed
2025-09-17 19:35:46,265:INFO:             autoviz: Not installed
2025-09-17 19:35:46,265:INFO:           fairlearn: Not installed
2025-09-17 19:35:46,265:INFO:          deepchecks: Not installed
2025-09-17 19:35:46,265:INFO:             xgboost: 3.0.5
2025-09-17 19:35:46,265:INFO:            catboost: 1.2.8
2025-09-17 19:35:46,265:INFO:              kmodes: Not installed
2025-09-17 19:35:46,265:INFO:             mlxtend: Not installed
2025-09-17 19:35:46,265:INFO:       statsforecast: Not installed
2025-09-17 19:35:46,265:INFO:        tune_sklearn: Not installed
2025-09-17 19:35:46,266:INFO:                 ray: Not installed
2025-09-17 19:35:46,266:INFO:            hyperopt: Not installed
2025-09-17 19:35:46,266:INFO:              optuna: Not installed
2025-09-17 19:35:46,266:INFO:               skopt: Not installed
2025-09-17 19:35:46,266:INFO:              mlflow: Not installed
2025-09-17 19:35:46,266:INFO:              gradio: Not installed
2025-09-17 19:35:46,266:INFO:             fastapi: Not installed
2025-09-17 19:35:46,266:INFO:             uvicorn: Not installed
2025-09-17 19:35:46,266:INFO:              m2cgen: Not installed
2025-09-17 19:35:46,266:INFO:           evidently: Not installed
2025-09-17 19:35:46,266:INFO:               fugue: Not installed
2025-09-17 19:35:46,266:INFO:           streamlit: Not installed
2025-09-17 19:35:46,266:INFO:             prophet: Not installed
2025-09-17 19:35:46,266:INFO:None
2025-09-17 19:35:46,266:INFO:Set up data.
2025-09-17 19:35:46,710:INFO:Set up folding strategy.
2025-09-17 19:35:46,711:INFO:Set up train/test split.
2025-09-17 19:35:47,067:INFO:Set up index.
2025-09-17 19:35:47,083:INFO:Assigning column types.
2025-09-17 19:35:47,298:INFO:Engine successfully changes for model 'lr' to 'sklearn'.
2025-09-17 19:35:47,336:INFO:Engine for model 'knn' has not been set explicitly, hence returning None.
2025-09-17 19:35:47,336:INFO:Engine for model 'rbfsvm' has not been set explicitly, hence returning None.
2025-09-17 19:35:47,359:INFO:Soft dependency imported: xgboost: 3.0.5
2025-09-17 19:35:47,361:INFO:Soft dependency imported: catboost: 1.2.8
2025-09-17 19:35:47,399:INFO:Engine for model 'knn' has not been set explicitly, hence returning None.
2025-09-17 19:35:47,400:INFO:Engine for model 'rbfsvm' has not been set explicitly, hence returning None.
2025-09-17 19:35:47,423:INFO:Soft dependency imported: xgboost: 3.0.5
2025-09-17 19:35:47,425:INFO:Soft dependency imported: catboost: 1.2.8
2025-09-17 19:35:47,426:INFO:Engine successfully changes for model 'knn' to 'sklearn'.
2025-09-17 19:35:47,462:INFO:Engine for model 'rbfsvm' has not been set explicitly, hence returning None.
2025-09-17 19:35:47,485:INFO:Soft dependency imported: xgboost: 3.0.5
2025-09-17 19:35:47,487:INFO:Soft dependency imported: catboost: 1.2.8
2025-09-17 19:35:47,524:INFO:Engine for model 'rbfsvm' has not been set explicitly, hence returning None.
2025-09-17 19:35:47,546:INFO:Soft dependency imported: xgboost: 3.0.5
2025-09-17 19:35:47,549:INFO:Soft dependency imported: catboost: 1.2.8
2025-09-17 19:35:47,549:INFO:Engine successfully changes for model 'rbfsvm' to 'sklearn'.
2025-09-17 19:35:47,607:INFO:Soft dependency imported: xgboost: 3.0.5
2025-09-17 19:35:47,610:INFO:Soft dependency imported: catboost: 1.2.8
2025-09-17 19:35:47,669:INFO:Soft dependency imported: xgboost: 3.0.5
2025-09-17 19:35:47,671:INFO:Soft dependency imported: catboost: 1.2.8
2025-09-17 19:35:47,672:INFO:Preparing preprocessing pipeline...
2025-09-17 19:35:47,695:INFO:Set up simple imputation.
2025-09-17 19:35:47,785:INFO:Set up encoding of categorical features.
2025-09-17 19:35:49,182:INFO:Finished creating preprocessing pipeline.
2025-09-17 19:35:49,186:INFO:Pipeline: Pipeline(memory=FastMemory(location=/tmp/joblib),
         steps=[('numerical_imputer',
                 TransformerWrapper(exclude=None,
                                    include=['CS_ZONA', 'NU_IDADE_N',
                                             'CS_ESCOL_N', 'CS_RACA',
                                             'CS_GESTANT', 'PUERPERA',
                                             'DIABETES', 'PNEUMOPATI',
                                             'IMUNODEPRE', 'RENAL', 'OBESIDADE',
                                             'CARDIOPATI', 'SIND_DOWN',
                                             'HEPATICA', 'FATOR_RISC', 'FEBRE',
                                             'TOSSE', 'GARGANTA', 'DESC_RESP',
                                             'DIARREIA', 'VOMIT...
                                                              handle_missing='return_nan',
                                                              handle_unknown='value',
                                                              return_df=True,
                                                              use_cat_names=True,
                                                              verbose=0))),
                ('rest_encoding',
                 TransformerWrapper(exclude=None, include=['SG_UF'],
                                    transformer=TargetEncoder(cols=['SG_UF'],
                                                              drop_invariant=False,
                                                              handle_missing='return_nan',
                                                              handle_unknown='value',
                                                              hierarchy=None,
                                                              min_samples_leaf=20,
                                                              return_df=True,
                                                              smoothing=10,
                                                              verbose=0)))],
         verbose=False)
2025-09-17 19:35:49,186:INFO:Creating final display dataframe.
2025-09-17 19:35:50,719:INFO:Setup _display_container:                     Description             Value
0                    Session id               123
1                        Target          EVOLUCAO
2                   Target type            Binary
3           Original data shape      (498320, 30)
4        Transformed data shape      (498320, 32)
5   Transformed train set shape      (348824, 32)
6    Transformed test set shape      (149496, 32)
7              Numeric features                27
8          Categorical features                 2
9      Rows with missing values             80.9%
10                   Preprocess              True
11              Imputation type            simple
12           Numeric imputation              mean
13       Categorical imputation              mode
14     Maximum one-hot encoding                25
15              Encoding method              None
16               Fold Generator   StratifiedKFold
17                  Fold Number                10
18                     CPU Jobs                -1
19                      Use GPU             False
20               Log Experiment             False
21              Experiment Name  clf-default-name
22                          USI              8412
2025-09-17 19:35:50,785:INFO:Soft dependency imported: xgboost: 3.0.5
2025-09-17 19:35:50,787:INFO:Soft dependency imported: catboost: 1.2.8
2025-09-17 19:35:50,848:INFO:Soft dependency imported: xgboost: 3.0.5
2025-09-17 19:35:50,850:INFO:Soft dependency imported: catboost: 1.2.8
2025-09-17 19:35:50,851:INFO:setup() successfully completed in 4.59s...............
2025-09-17 19:37:07,562:INFO:Initializing compare_models()
2025-09-17 19:37:07,562:INFO:compare_models(self=<pycaret.classification.oop.ClassificationExperiment object at 0x7cb71fbb5cd0>, include=['lr', 'dt', 'rf'], exclude=None, fold=None, round=4, cross_validation=True, sort=Accuracy, n_select=1, budget_time=None, turbo=True, errors=ignore, fit_kwargs=None, groups=None, experiment_custom_tags=None, probability_threshold=None, verbose=True, parallel=None, caller_params={'self': <pycaret.classification.oop.ClassificationExperiment object at 0x7cb71fbb5cd0>, 'include': ['lr', 'dt', 'rf'], 'exclude': None, 'fold': None, 'round': 4, 'cross_validation': True, 'sort': 'Accuracy', 'n_select': 1, 'budget_time': None, 'turbo': True, 'errors': 'ignore', 'fit_kwargs': None, 'groups': None, 'experiment_custom_tags': None, 'probability_threshold': None, 'engine': None, 'verbose': True, 'parallel': None, '__class__': <class 'pycaret.classification.oop.ClassificationExperiment'>})
2025-09-17 19:37:07,564:INFO:Checking exceptions
2025-09-17 19:37:07,739:INFO:Preparing display monitor
2025-09-17 19:37:07,760:INFO:Initializing Logistic Regression
2025-09-17 19:37:07,760:INFO:Total runtime is 5.984306335449219e-06 minutes
2025-09-17 19:37:07,763:INFO:SubProcess create_model() called ==================================
2025-09-17 19:37:07,763:INFO:Initializing create_model()
2025-09-17 19:37:07,763:INFO:create_model(self=<pycaret.classification.oop.ClassificationExperiment object at 0x7cb71fbb5cd0>, estimator=lr, fold=StratifiedKFold(n_splits=10, random_state=None, shuffle=False), round=4, cross_validation=True, predict=True, fit_kwargs={}, groups=None, refit=False, probability_threshold=None, experiment_custom_tags=None, verbose=False, system=False, add_to_model_list=True, metrics=None, display=<pycaret.internal.display.display.CommonDisplay object at 0x7cb7251af7d0>, model_only=True, return_train_score=False, error_score=0.0, kwargs={})
2025-09-17 19:37:07,764:INFO:Checking exceptions
2025-09-17 19:37:07,764:INFO:Importing libraries
2025-09-17 19:37:07,764:INFO:Copying training dataset
2025-09-17 19:37:08,105:INFO:Defining folds
2025-09-17 19:37:08,105:INFO:Declaring metric variables
2025-09-17 19:37:08,109:INFO:Importing untrained model
2025-09-17 19:37:08,112:INFO:Logistic Regression Imported successfully
2025-09-17 19:37:08,118:INFO:Starting cross validation
2025-09-17 19:37:08,120:INFO:Cross validating with StratifiedKFold(n_splits=10, random_state=None, shuffle=False), n_jobs=-1
2025-09-17 19:38:58,249:INFO:Calculating mean and std
2025-09-17 19:38:58,346:INFO:Creating metrics dataframe
2025-09-17 19:38:58,474:INFO:Uploading results into container
2025-09-17 19:38:58,485:INFO:Uploading model into container now
2025-09-17 19:38:58,500:INFO:_master_model_container: 1
2025-09-17 19:38:58,500:INFO:_display_container: 2
2025-09-17 19:38:58,514:INFO:LogisticRegression(C=1.0, class_weight=None, dual=False, fit_intercept=True,
                   intercept_scaling=1, l1_ratio=None, max_iter=1000,
                   multi_class='auto', n_jobs=None, penalty='l2',
                   random_state=123, solver='lbfgs', tol=0.0001, verbose=0,
                   warm_start=False)
2025-09-17 19:38:58,514:INFO:create_model() successfully completed......................................
2025-09-17 19:39:00,475:INFO:SubProcess create_model() end ==================================
2025-09-17 19:39:00,475:INFO:Creating metrics dataframe
2025-09-17 19:39:00,484:INFO:Initializing Decision Tree Classifier
2025-09-17 19:39:00,484:INFO:Total runtime is 1.878735903898875 minutes
2025-09-17 19:39:00,487:INFO:SubProcess create_model() called ==================================
2025-09-17 19:39:00,487:INFO:Initializing create_model()
2025-09-17 19:39:00,487:INFO:create_model(self=<pycaret.classification.oop.ClassificationExperiment object at 0x7cb71fbb5cd0>, estimator=dt, fold=StratifiedKFold(n_splits=10, random_state=None, shuffle=False), round=4, cross_validation=True, predict=True, fit_kwargs={}, groups=None, refit=False, probability_threshold=None, experiment_custom_tags=None, verbose=False, system=False, add_to_model_list=True, metrics=None, display=<pycaret.internal.display.display.CommonDisplay object at 0x7cb7251af7d0>, model_only=True, return_train_score=False, error_score=0.0, kwargs={})
2025-09-17 19:39:00,487:INFO:Checking exceptions
2025-09-17 19:39:00,487:INFO:Importing libraries
2025-09-17 19:39:00,488:INFO:Copying training dataset
2025-09-17 19:39:01,529:INFO:Defining folds
2025-09-17 19:39:01,529:INFO:Declaring metric variables
2025-09-17 19:39:01,532:INFO:Importing untrained model
2025-09-17 19:39:01,534:INFO:Decision Tree Classifier Imported successfully
2025-09-17 19:39:01,539:INFO:Starting cross validation
2025-09-17 19:39:01,540:INFO:Cross validating with StratifiedKFold(n_splits=10, random_state=None, shuffle=False), n_jobs=-1
2025-09-17 19:39:18,064:INFO:Calculating mean and std
2025-09-17 19:39:18,065:INFO:Creating metrics dataframe
2025-09-17 19:39:18,066:INFO:Uploading results into container
2025-09-17 19:39:18,067:INFO:Uploading model into container now
2025-09-17 19:39:18,067:INFO:_master_model_container: 2
2025-09-17 19:39:18,067:INFO:_display_container: 2
2025-09-17 19:39:18,067:INFO:DecisionTreeClassifier(ccp_alpha=0.0, class_weight=None, criterion='gini',
                       max_depth=None, max_features=None, max_leaf_nodes=None,
                       min_impurity_decrease=0.0, min_samples_leaf=1,
                       min_samples_split=2, min_weight_fraction_leaf=0.0,
                       monotonic_cst=None, random_state=123, splitter='best')
2025-09-17 19:39:18,067:INFO:create_model() successfully completed......................................
2025-09-17 19:39:18,172:INFO:SubProcess create_model() end ==================================
2025-09-17 19:39:18,172:INFO:Creating metrics dataframe
2025-09-17 19:39:18,178:INFO:Initializing Random Forest Classifier
2025-09-17 19:39:18,179:INFO:Total runtime is 2.173646585146586 minutes
2025-09-17 19:39:18,181:INFO:SubProcess create_model() called ==================================
2025-09-17 19:39:18,181:INFO:Initializing create_model()
2025-09-17 19:39:18,181:INFO:create_model(self=<pycaret.classification.oop.ClassificationExperiment object at 0x7cb71fbb5cd0>, estimator=rf, fold=StratifiedKFold(n_splits=10, random_state=None, shuffle=False), round=4, cross_validation=True, predict=True, fit_kwargs={}, groups=None, refit=False, probability_threshold=None, experiment_custom_tags=None, verbose=False, system=False, add_to_model_list=True, metrics=None, display=<pycaret.internal.display.display.CommonDisplay object at 0x7cb7251af7d0>, model_only=True, return_train_score=False, error_score=0.0, kwargs={})
2025-09-17 19:39:18,181:INFO:Checking exceptions
2025-09-17 19:39:18,181:INFO:Importing libraries
2025-09-17 19:39:18,181:INFO:Copying training dataset
2025-09-17 19:39:18,460:INFO:Defining folds
2025-09-17 19:39:18,460:INFO:Declaring metric variables
2025-09-17 19:39:18,464:INFO:Importing untrained model
2025-09-17 19:39:18,468:INFO:Random Forest Classifier Imported successfully
2025-09-17 19:39:18,472:INFO:Starting cross validation
2025-09-17 19:39:18,473:INFO:Cross validating with StratifiedKFold(n_splits=10, random_state=None, shuffle=False), n_jobs=-1
